<?xml version="1.0" encoding="UTF-8"?>
<!-- Generated by org.testng.reporters.JUnitReportReporter -->
<testsuite hostname="taotaodeMacBook-Air.local" name="com.hogwarts.testcase.TestExec" tests="5" failures="0" timestamp="12 Apr 2019 14:00:54 GMT" time="1.119" errors="0">
  <testcase name="getShangHai_Succ" time="0.075" classname="com.hogwarts.testcase.TestExec"/>
  <testcase name="getShangHai_Succ" time="0.029" classname="com.hogwarts.testcase.TestExec"/>
  <testcase name="getShenZhen_Succ" time="0.062" classname="com.hogwarts.testcase.TestExec"/>
  <testcase name="getBeiJing_Succ" time="0.878" classname="com.hogwarts.testcase.TestExec"/>
  <testcase name="getShangHai_Succ" time="0.075" classname="com.hogwarts.testcase.TestExec"/>
</testsuite> <!-- com.hogwarts.testcase.TestExec -->
